<?xml version="1.0" encoding="UTF-8"?>
<!-- Generated by org.testng.reporters.JUnitXMLReporter -->
<testsuite ignored="2" hostname="LAPTOP-H519OSTH" failures="0" tests="7" name="Test" time="175.72" errors="0" timestamp="2022-10-10T18:02:24 BDT">
  <testcase classname="tests.OrderBook" name="clickLekhok" time="10.781"/>
  <testcase classname="tests.OrderBook" name="goToNextPage" time="22.189"/>
  <testcase classname="tests.OrderBook" name="clickAuthor" time="12.504"/>
  <testcase classname="tests.OrderBook" name="clickBook" time="8.906"/>
  <testcase classname="tests.OrderBook" name="clickCompleteOrder" time="5.385"/>
  <testcase classname="tests.OrderBook" name="clicktoCheckOut" time="8.994"/>
  <testcase classname="tests.ProvideInformation" name="provideInfo" time="101.34"/>
  <testcase classname="drivers.BaseDriver" name="@BeforeSuite start" time="0.0">
    <ignored/>
  </testcase> <!-- @BeforeSuite start -->
  <testcase classname="drivers.BaseDriver" name="@AfterSuite close" time="0.0">
    <ignored/>
  </testcase> <!-- @AfterSuite close -->
</testsuite> <!-- Test -->
