<?xml version="1.0" encoding="UTF-8"?>
<testng-results ignored="2" total="9" passed="7" failed="0" skipped="0">
  <reporter-output>
  </reporter-output>
  <suite started-at="2022-10-10T17:59:28 BDT" name="Suite" finished-at="2022-10-10T18:02:24 BDT" duration-ms="175720">
    <groups>
    </groups>
    <test started-at="2022-10-10T17:59:28 BDT" name="Test" finished-at="2022-10-10T18:02:24 BDT" duration-ms="175720">
      <class name="tests.OrderBook">
        <test-method is-config="true" signature="start()[pri:0, instance:tests.OrderBook@2a265ea9]" started-at="2022-10-10T17:59:25 BDT" name="start" finished-at="2022-10-10T17:59:28 BDT" duration-ms="3218" status="PASS">
          <reporter-output>
          </reporter-output>
        </test-method> <!-- start -->
        <test-method is-config="true" signature="openUrl()[pri:0, instance:tests.OrderBook@2a265ea9]" started-at="2022-10-10T17:59:28 BDT" name="openUrl" finished-at="2022-10-10T17:59:33 BDT" duration-ms="5129" status="PASS">
          <reporter-output>
          </reporter-output>
        </test-method> <!-- openUrl -->
        <test-method signature="clickLekhok()[pri:0, instance:tests.OrderBook@2a265ea9]" started-at="2022-10-10T17:59:33 BDT" name="clickLekhok" finished-at="2022-10-10T17:59:44 BDT" duration-ms="10781" status="PASS">
          <reporter-output>
          </reporter-output>
        </test-method> <!-- clickLekhok -->
        <test-method signature="goToNextPage()[pri:1, instance:tests.OrderBook@2a265ea9]" started-at="2022-10-10T17:59:44 BDT" name="goToNextPage" finished-at="2022-10-10T18:00:06 BDT" duration-ms="22189" status="PASS">
          <reporter-output>
          </reporter-output>
        </test-method> <!-- goToNextPage -->
        <test-method signature="clickAuthor()[pri:2, instance:tests.OrderBook@2a265ea9]" started-at="2022-10-10T18:00:06 BDT" name="clickAuthor" finished-at="2022-10-10T18:00:18 BDT" duration-ms="12504" status="PASS">
          <reporter-output>
          </reporter-output>
        </test-method> <!-- clickAuthor -->
        <test-method signature="clickBook()[pri:3, instance:tests.OrderBook@2a265ea9]" started-at="2022-10-10T18:00:18 BDT" name="clickBook" finished-at="2022-10-10T18:00:27 BDT" duration-ms="8906" status="PASS">
          <reporter-output>
          </reporter-output>
        </test-method> <!-- clickBook -->
        <test-method signature="clickCompleteOrder()[pri:4, instance:tests.OrderBook@2a265ea9]" started-at="2022-10-10T18:00:27 BDT" name="clickCompleteOrder" finished-at="2022-10-10T18:00:33 BDT" duration-ms="5385" status="PASS">
          <reporter-output>
          </reporter-output>
        </test-method> <!-- clickCompleteOrder -->
        <test-method signature="clicktoCheckOut()[pri:5, instance:tests.OrderBook@2a265ea9]" started-at="2022-10-10T18:00:33 BDT" name="clicktoCheckOut" finished-at="2022-10-10T18:00:42 BDT" duration-ms="8994" status="PASS">
          <reporter-output>
          </reporter-output>
        </test-method> <!-- clicktoCheckOut -->
        <test-method is-config="true" signature="afterClass()[pri:0, instance:tests.OrderBook@2a265ea9]" started-at="2022-10-10T18:00:42 BDT" name="afterClass" finished-at="2022-10-10T18:00:42 BDT" duration-ms="348" status="PASS">
          <reporter-output>
          </reporter-output>
        </test-method> <!-- afterClass -->
        <test-method is-config="true" signature="close()[pri:0, instance:tests.OrderBook@2a265ea9]" started-at="2022-10-10T18:02:24 BDT" name="close" finished-at="2022-10-10T18:02:24 BDT" duration-ms="189" status="PASS">
          <reporter-output>
          </reporter-output>
        </test-method> <!-- close -->
      </class> <!-- tests.OrderBook -->
      <class name="tests.ProvideInformation">
        <test-method is-config="true" signature="openUrl()[pri:0, instance:tests.ProvideInformation@5b1669c0]" started-at="2022-10-10T18:00:42 BDT" name="openUrl" finished-at="2022-10-10T18:00:42 BDT" duration-ms="5" status="PASS">
          <reporter-output>
          </reporter-output>
        </test-method> <!-- openUrl -->
        <test-method signature="provideInfo()[pri:0, instance:tests.ProvideInformation@5b1669c0]" started-at="2022-10-10T18:00:42 BDT" name="provideInfo" finished-at="2022-10-10T18:02:23 BDT" duration-ms="101340" status="PASS">
          <reporter-output>
          </reporter-output>
        </test-method> <!-- provideInfo -->
        <test-method is-config="true" signature="afterClass()[pri:0, instance:tests.ProvideInformation@5b1669c0]" started-at="2022-10-10T18:02:23 BDT" name="afterClass" finished-at="2022-10-10T18:02:24 BDT" duration-ms="84" status="PASS">
          <reporter-output>
          </reporter-output>
        </test-method> <!-- afterClass -->
      </class> <!-- tests.ProvideInformation -->
    </test> <!-- Test -->
  </suite> <!-- Suite -->
</testng-results>
